# JRE version: OpenJDK Runtime Environment Temurin-21.0.10+7 (21.0.10+7) (build 21.0.10+7-LTS)
# Java VM: OpenJDK 64-Bit Server VM Temurin-21.0.10+7 (21.0.10+7-LTS, mixed mode, sharing, tiered, compressed oops, compressed class ptrs, parallel gc, windows-amd64)
GC Precious Log:
 CardTable entry size: 512
 CPUs: 8 total, 8 available
 Memory: 5966M
 Large Page Support: Disabled
 NUMA Support: Disabled
 Compressed Oops: Enabled (32-bit)
 Alignments: Space 512K, Generation 512K, Heap 2M
 Heap Min Capacity: 100M
 Heap Initial Capacity: 100M
 Heap Max Capacity: 2G
 Pre-touch: Disabled
 Parallel Workers: 8
Heap:
 PSYoungGen      total 5632K, used 5591K [0x00000000d5580000, 0x00000000d5c00000, 0x0000000100000000)
  eden space 5120K, 99% used [0x00000000d5580000,0x00000000d5a7fab0,0x00000000d5a80000)
  from space 512K, 92% used [0x00000000d5b80000,0x00000000d5bf6200,0x00000000d5c00000)
  to   space 512K, 0% used [0x00000000d5b00000,0x00000000d5b00000,0x00000000d5b80000)
 ParOldGen       total 430080K, used 430061K [0x0000000080000000, 0x000000009a400000, 0x00000000d5580000)
  object space 430080K, 99% used [0x0000000080000000,0x000000009a3fb430,0x000000009a400000)
 Metaspace       used 75944K, committed 77440K, reserved 1179648K
  class space    used 9393K, committed 10048K, reserved 1048576K
GC Heap History (20 events):
Event: 248.327 GC heap before
{Heap before GC invocations=520 (full 3):
 PSYoungGen      total 6144K, used 6144K [0x00000000d5580000, 0x00000000d5e80000, 0x0000000100000000)
  eden space 5120K, 100% used [0x00000000d5580000,0x00000000d5a80000,0x00000000d5a80000)
  from space 1024K, 100% used [0x00000000d5d80000,0x00000000d5e80000,0x00000000d5e80000)
  to   space 2048K, 0% used [0x00000000d5a80000,0x00000000d5a80000,0x00000000d5c80000)
 ParOldGen       total 424960K, used 424578K [0x0000000080000000, 0x0000000099f00000, 0x00000000d5580000)
  object space 424960K, 99% used [0x0000000080000000,0x0000000099ea0a78,0x0000000099f00000)
 Metaspace       used 74926K, committed 76416K, reserved 1179648K
  class space    used 9290K, committed 9984K, reserved 1048576K
}
Event: 248.331 GC heap after
{Heap after GC invocations=520 (full 3):
 PSYoungGen      total 7168K, used 1344K [0x00000000d5580000, 0x00000000d5e00000, 0x0000000100000000)
  eden space 5120K, 0% used [0x00000000d5580000,0x00000000d5580000,0x00000000d5a80000)
  from space 2048K, 65% used [0x00000000d5a80000,0x00000000d5bd0028,0x00000000d5c80000)
  to   space 1536K, 0% used [0x00000000d5c80000,0x00000000d5c80000,0x00000000d5e00000)
 ParOldGen       total 425472K, used 425274K [0x0000000080000000, 0x0000000099f80000, 0x00000000d5580000)
  object space 425472K, 99% used [0x0000000080000000,0x0000000099f4ea78,0x0000000099f80000)
 Metaspace       used 74926K, committed 76416K, reserved 1179648K
  class space    used 9290K, committed 9984K, reserved 1048576K
}
Event: 248.562 GC heap before
{Heap before GC invocations=521 (full 3):
 PSYoungGen      total 7168K, used 6464K [0x00000000d5580000, 0x00000000d5e00000, 0x0000000100000000)
  eden space 5120K, 100% used [0x00000000d5580000,0x00000000d5a80000,0x00000000d5a80000)
  from space 2048K, 65% used [0x00000000d5a80000,0x00000000d5bd0028,0x00000000d5c80000)
  to   space 1536K, 0% used [0x00000000d5c80000,0x00000000d5c80000,0x00000000d5e00000)
 ParOldGen       total 425472K, used 425274K [0x0000000080000000, 0x0000000099f80000, 0x00000000d5580000)
  object space 425472K, 99% used [0x0000000080000000,0x0000000099f4ea78,0x0000000099f80000)
 Metaspace       used 74927K, committed 76416K, reserved 1179648K
  class space    used 9290K, committed 9984K, reserved 1048576K
}
Event: 248.566 GC heap after
{Heap after GC invocations=521 (full 3):
 PSYoungGen      total 5632K, used 512K [0x00000000d5580000, 0x00000000d5d00000, 0x0000000100000000)
  eden space 5120K, 0% used [0x00000000d5580000,0x00000000d5580000,0x00000000d5a80000)
  from space 512K, 100% used [0x00000000d5c80000,0x00000000d5d00000,0x00000000d5d00000)
  to   space 1024K, 0% used [0x00000000d5b00000,0x00000000d5b00000,0x00000000d5c00000)
 ParOldGen       total 427008K, used 426507K [0x0000000080000000, 0x000000009a100000, 0x00000000d5580000)
  object space 427008K, 99% used [0x0000000080000000,0x000000009a082f10,0x000000009a100000)
 Metaspace       used 74927K, committed 76416K, reserved 1179648K
  class space    used 9290K, committed 9984K, reserved 1048576K
}
Event: 248.979 GC heap before
{Heap before GC invocations=522 (full 3):
 PSYoungGen      total 5632K, used 5632K [0x00000000d5580000, 0x00000000d5d00000, 0x0000000100000000)
  eden space 5120K, 100% used [0x00000000d5580000,0x00000000d5a80000,0x00000000d5a80000)
  from space 512K, 100% used [0x00000000d5c80000,0x00000000d5d00000,0x00000000d5d00000)
  to   space 1024K, 0% used [0x00000000d5b00000,0x00000000d5b00000,0x00000000d5c00000)
 ParOldGen       total 427008K, used 426507K [0x0000000080000000, 0x000000009a100000, 0x00000000d5580000)
  object space 427008K, 99% used [0x0000000080000000,0x000000009a082f10,0x000000009a100000)
 Metaspace       used 75172K, committed 76608K, reserved 1179648K
  class space    used 9325K, committed 9984K, reserved 1048576K
}
Event: 248.982 GC heap after
{Heap after GC invocations=522 (full 3):
 PSYoungGen      total 6144K, used 721K [0x00000000d5580000, 0x00000000d5d00000, 0x0000000100000000)
  eden space 5120K, 0% used [0x00000000d5580000,0x00000000d5580000,0x00000000d5a80000)
  from space 1024K, 70% used [0x00000000d5b00000,0x00000000d5bb4400,0x00000000d5c00000)
  to   space 1024K, 0% used [0x00000000d5c00000,0x00000000d5c00000,0x00000000d5d00000)
 ParOldGen       total 427008K, used 426867K [0x0000000080000000, 0x000000009a100000, 0x00000000d5580000)
  object space 427008K, 99% used [0x0000000080000000,0x000000009a0dcf10,0x000000009a100000)
 Metaspace       used 75172K, committed 76608K, reserved 1179648K
  class space    used 9325K, committed 9984K, reserved 1048576K
}
Event: 249.069 GC heap before
{Heap before GC invocations=523 (full 3):
 PSYoungGen      total 6144K, used 5841K [0x00000000d5580000, 0x00000000d5d00000, 0x0000000100000000)
  eden space 5120K, 100% used [0x00000000d5580000,0x00000000d5a80000,0x00000000d5a80000)
  from space 1024K, 70% used [0x00000000d5b00000,0x00000000d5bb4400,0x00000000d5c00000)
  to   space 1024K, 0% used [0x00000000d5c00000,0x00000000d5c00000,0x00000000d5d00000)
 ParOldGen       total 427008K, used 426867K [0x0000000080000000, 0x000000009a100000, 0x00000000d5580000)
  object space 427008K, 99% used [0x0000000080000000,0x000000009a0dcf10,0x000000009a100000)
 Metaspace       used 75179K, committed 76672K, reserved 1179648K
  class space    used 9325K, committed 9984K, reserved 1048576K
}
Event: 249.071 GC heap after
{Heap after GC invocations=523 (full 3):
 PSYoungGen      total 5632K, used 512K [0x00000000d5580000, 0x00000000d5c80000, 0x0000000100000000)
  eden space 5120K, 0% used [0x00000000d5580000,0x00000000d5580000,0x00000000d5a80000)
  from space 512K, 100% used [0x00000000d5c00000,0x00000000d5c80000,0x00000000d5c80000)
  to   space 1024K, 0% used [0x00000000d5a80000,0x00000000d5a80000,0x00000000d5b80000)
 ParOldGen       total 427520K, used 427508K [0x0000000080000000, 0x000000009a180000, 0x00000000d5580000)
  object space 427520K, 99% used [0x0000000080000000,0x000000009a17d310,0x000000009a180000)
 Metaspace       used 75179K, committed 76672K, reserved 1179648K
  class space    used 9325K, committed 9984K, reserved 1048576K
}
Event: 249.163 GC heap before
{Heap before GC invocations=524 (full 3):
 PSYoungGen      total 5632K, used 5632K [0x00000000d5580000, 0x00000000d5c80000, 0x0000000100000000)
  eden space 5120K, 100% used [0x00000000d5580000,0x00000000d5a80000,0x00000000d5a80000)
  from space 512K, 100% used [0x00000000d5c00000,0x00000000d5c80000,0x00000000d5c80000)
  to   space 1024K, 0% used [0x00000000d5a80000,0x00000000d5a80000,0x00000000d5b80000)
 ParOldGen       total 427520K, used 427508K [0x0000000080000000, 0x000000009a180000, 0x00000000d5580000)
  object space 427520K, 99% used [0x0000000080000000,0x000000009a17d310,0x000000009a180000)
 Metaspace       used 75196K, committed 76736K, reserved 1179648K
  class space    used 9328K, committed 9984K, reserved 1048576K
}
Event: 249.166 GC heap after
{Heap after GC invocations=524 (full 3):
 PSYoungGen      total 6144K, used 770K [0x00000000d5580000, 0x00000000d5c80000, 0x0000000100000000)
  eden space 5120K, 0% used [0x00000000d5580000,0x00000000d5580000,0x00000000d5a80000)
  from space 1024K, 75% used [0x00000000d5a80000,0x00000000d5b40800,0x00000000d5b80000)
  to   space 1024K, 0% used [0x00000000d5b80000,0x00000000d5b80000,0x00000000d5c80000)
 ParOldGen       total 428032K, used 427876K [0x0000000080000000, 0x000000009a200000, 0x00000000d5580000)
  object space 428032K, 99% used [0x0000000080000000,0x000000009a1d9320,0x000000009a200000)
 Metaspace       used 75196K, committed 76736K, reserved 1179648K
  class space    used 9328K, committed 9984K, reserved 1048576K
}
Event: 249.264 GC heap before
{Heap before GC invocations=525 (full 3):
 PSYoungGen      total 6144K, used 5890K [0x00000000d5580000, 0x00000000d5c80000, 0x0000000100000000)
  eden space 5120K, 100% used [0x00000000d5580000,0x00000000d5a80000,0x00000000d5a80000)
  from space 1024K, 75% used [0x00000000d5a80000,0x00000000d5b40800,0x00000000d5b80000)
  to   space 1024K, 0% used [0x00000000d5b80000,0x00000000d5b80000,0x00000000d5c80000)
 ParOldGen       total 428032K, used 427876K [0x0000000080000000, 0x000000009a200000, 0x00000000d5580000)
  object space 428032K, 99% used [0x0000000080000000,0x000000009a1d9320,0x000000009a200000)
 Metaspace       used 75270K, committed 76864K, reserved 1179648K
  class space    used 9335K, committed 10048K, reserved 1048576K
}
Event: 249.268 GC heap after
{Heap after GC invocations=525 (full 3):
 PSYoungGen      total 6144K, used 708K [0x00000000d5580000, 0x00000000d5c80000, 0x0000000100000000)
  eden space 5120K, 0% used [0x00000000d5580000,0x00000000d5580000,0x00000000d5a80000)
  from space 1024K, 69% used [0x00000000d5b80000,0x00000000d5c31000,0x00000000d5c80000)
  to   space 1024K, 0% used [0x00000000d5a80000,0x00000000d5a80000,0x00000000d5b80000)
 ParOldGen       total 428544K, used 428388K [0x0000000080000000, 0x000000009a280000, 0x00000000d5580000)
  object space 428544K, 99% used [0x0000000080000000,0x000000009a259320,0x000000009a280000)
 Metaspace       used 75270K, committed 76864K, reserved 1179648K
  class space    used 9335K, committed 10048K, reserved 1048576K
}
Event: 249.421 GC heap before
{Heap before GC invocations=526 (full 3):
 PSYoungGen      total 6144K, used 5828K [0x00000000d5580000, 0x00000000d5c80000, 0x0000000100000000)
  eden space 5120K, 100% used [0x00000000d5580000,0x00000000d5a80000,0x00000000d5a80000)
  from space 1024K, 69% used [0x00000000d5b80000,0x00000000d5c31000,0x00000000d5c80000)
  to   space 1024K, 0% used [0x00000000d5a80000,0x00000000d5a80000,0x00000000d5b80000)
 ParOldGen       total 428544K, used 428388K [0x0000000080000000, 0x000000009a280000, 0x00000000d5580000)
  object space 428544K, 99% used [0x0000000080000000,0x000000009a259320,0x000000009a280000)
 Metaspace       used 75280K, committed 76864K, reserved 1179648K
  class space    used 9335K, committed 10048K, reserved 1048576K
}
Event: 249.424 GC heap after
{Heap after GC invocations=526 (full 3):
 PSYoungGen      total 6144K, used 544K [0x00000000d5580000, 0x00000000d5c80000, 0x0000000100000000)
  eden space 5120K, 0% used [0x00000000d5580000,0x00000000d5580000,0x00000000d5a80000)
  from space 1024K, 53% used [0x00000000d5a80000,0x00000000d5b08000,0x00000000d5b80000)
  to   space 1024K, 0% used [0x00000000d5b80000,0x00000000d5b80000,0x00000000d5c80000)
 ParOldGen       total 429056K, used 428965K [0x0000000080000000, 0x000000009a300000, 0x00000000d5580000)
  object space 429056K, 99% used [0x0000000080000000,0x000000009a2e9420,0x000000009a300000)
 Metaspace       used 75280K, committed 76864K, reserved 1179648K
  class space    used 9335K, committed 10048K, reserved 1048576K
}
Event: 249.624 GC heap before
{Heap before GC invocations=527 (full 3):
 PSYoungGen      total 6144K, used 5664K [0x00000000d5580000, 0x00000000d5c80000, 0x0000000100000000)
  eden space 5120K, 100% used [0x00000000d5580000,0x00000000d5a80000,0x00000000d5a80000)
  from space 1024K, 53% used [0x00000000d5a80000,0x00000000d5b08000,0x00000000d5b80000)
  to   space 1024K, 0% used [0x00000000d5b80000,0x00000000d5b80000,0x00000000d5c80000)
 ParOldGen       total 429056K, used 428965K [0x0000000080000000, 0x000000009a300000, 0x00000000d5580000)
  object space 429056K, 99% used [0x0000000080000000,0x000000009a2e9420,0x000000009a300000)
 Metaspace       used 75372K, committed 76928K, reserved 1179648K
  class space    used 9342K, committed 10048K, reserved 1048576K
}
Event: 249.627 GC heap after
{Heap after GC invocations=527 (full 3):
 PSYoungGen      total 5632K, used 448K [0x00000000d5580000, 0x00000000d5c00000, 0x0000000100000000)
  eden space 5120K, 0% used [0x00000000d5580000,0x00000000d5580000,0x00000000d5a80000)
  from space 512K, 87% used [0x00000000d5b80000,0x00000000d5bf0000,0x00000000d5c00000)
  to   space 512K, 0% used [0x00000000d5b00000,0x00000000d5b00000,0x00000000d5b80000)
 ParOldGen       total 429568K, used 429397K [0x0000000080000000, 0x000000009a380000, 0x00000000d5580000)
  object space 429568K, 99% used [0x0000000080000000,0x000000009a355420,0x000000009a380000)
 Metaspace       used 75372K, committed 76928K, reserved 1179648K
  class space    used 9342K, committed 10048K, reserved 1048576K
}
Event: 249.750 GC heap before
{Heap before GC invocations=528 (full 3):
 PSYoungGen      total 5632K, used 5568K [0x00000000d5580000, 0x00000000d5c00000, 0x0000000100000000)
  eden space 5120K, 100% used [0x00000000d5580000,0x00000000d5a80000,0x00000000d5a80000)
  from space 512K, 87% used [0x00000000d5b80000,0x00000000d5bf0000,0x00000000d5c00000)
  to   space 512K, 0% used [0x00000000d5b00000,0x00000000d5b00000,0x00000000d5b80000)
 ParOldGen       total 429568K, used 429397K [0x0000000080000000, 0x000000009a380000, 0x00000000d5580000)
  object space 429568K, 99% used [0x0000000080000000,0x000000009a355420,0x000000009a380000)
 Metaspace       used 75548K, committed 77120K, reserved 1179648K
  class space    used 9359K, committed 10048K, reserved 1048576K
}
Event: 249.752 GC heap after
{Heap after GC invocations=528 (full 3):
 PSYoungGen      total 5632K, used 480K [0x00000000d5580000, 0x00000000d5c00000, 0x0000000100000000)
  eden space 5120K, 0% used [0x00000000d5580000,0x00000000d5580000,0x00000000d5a80000)
  from space 512K, 93% used [0x00000000d5b00000,0x00000000d5b78000,0x00000000d5b80000)
  to   space 512K, 0% used [0x00000000d5b80000,0x00000000d5b80000,0x00000000d5c00000)
 ParOldGen       total 430080K, used 429709K [0x0000000080000000, 0x000000009a400000, 0x00000000d5580000)
  object space 430080K, 99% used [0x0000000080000000,0x000000009a3a3420,0x000000009a400000)
 Metaspace       used 75548K, committed 77120K, reserved 1179648K
  class space    used 9359K, committed 10048K, reserved 1048576K
}
Event: 249.913 GC heap before
{Heap before GC invocations=529 (full 3):
 PSYoungGen      total 5632K, used 5600K [0x00000000d5580000, 0x00000000d5c00000, 0x0000000100000000)
  eden space 5120K, 100% used [0x00000000d5580000,0x00000000d5a80000,0x00000000d5a80000)
  from space 512K, 93% used [0x00000000d5b00000,0x00000000d5b78000,0x00000000d5b80000)
  to   space 512K, 0% used [0x00000000d5b80000,0x00000000d5b80000,0x00000000d5c00000)
 ParOldGen       total 430080K, used 429709K [0x0000000080000000, 0x000000009a400000, 0x00000000d5580000)
  object space 430080K, 99% used [0x0000000080000000,0x000000009a3a3420,0x000000009a400000)
 Metaspace       used 75669K, committed 77184K, reserved 1179648K
  class space    used 9368K, committed 10048K, reserved 1048576K
}
Event: 249.916 GC heap after
{Heap after GC invocations=529 (full 3):
 PSYoungGen      total 5632K, used 472K [0x00000000d5580000, 0x00000000d5c00000, 0x0000000100000000)
  eden space 5120K, 0% used [0x00000000d5580000,0x00000000d5580000,0x00000000d5a80000)
  from space 512K, 92% used [0x00000000d5b80000,0x00000000d5bf6200,0x00000000d5c00000)
  to   space 512K, 0% used [0x00000000d5b00000,0x00000000d5b00000,0x00000000d5b80000)
 ParOldGen       total 430080K, used 430061K [0x0000000080000000, 0x000000009a400000, 0x00000000d5580000)
  object space 430080K, 99% used [0x0000000080000000,0x000000009a3fb430,0x000000009a400000)
 Metaspace       used 75669K, committed 77184K, reserved 1179648K
  class space    used 9368K, committed 10048K, reserved 1048576K
}

