# JRE version: OpenJDK Runtime Environment Temurin-21.0.10+7 (21.0.10+7) (build 21.0.10+7-LTS)
# Java VM: OpenJDK 64-Bit Server VM Temurin-21.0.10+7 (21.0.10+7-LTS, mixed mode, sharing, tiered, compressed oops, compressed class ptrs, parallel gc, windows-amd64)
GC Precious Log:
 CardTable entry size: 512
 CPUs: 8 total, 8 available
 Memory: 5966M
 Large Page Support: Disabled
 NUMA Support: Disabled
 Compressed Oops: Enabled (32-bit)
 Alignments: Space 512K, Generation 512K, Heap 2M
 Heap Min Capacity: 100M
 Heap Initial Capacity: 100M
 Heap Max Capacity: 2G
 Pre-touch: Disabled
 Parallel Workers: 8
Heap:
 PSYoungGen      total 31744K, used 24722K [0x00000000d5580000, 0x00000000d8180000, 0x0000000100000000)
  eden space 19456K, 65% used [0x00000000d5580000,0x00000000d61f0f08,0x00000000d6880000)
  from space 12288K, 97% used [0x00000000d7580000,0x00000000d8133a90,0x00000000d8180000)
  to   space 12288K, 0% used [0x00000000d6980000,0x00000000d6980000,0x00000000d7580000)
 ParOldGen       total 83456K, used 83449K [0x0000000080000000, 0x0000000085180000, 0x00000000d5580000)
  object space 83456K, 99% used [0x0000000080000000,0x000000008517e620,0x0000000085180000)
 Metaspace       used 40172K, committed 41152K, reserved 1114112K
  class space    used 4089K, committed 4544K, reserved 1048576K
GC Heap History (20 events):
Event: 57.661 GC heap before
{Heap before GC invocations=65 (full 2):
 PSYoungGen      total 20992K, used 19456K [0x00000000d5580000, 0x00000000d6c80000, 0x0000000100000000)
  eden space 19456K, 100% used [0x00000000d5580000,0x00000000d6880000,0x00000000d6880000)
  from space 1536K, 0% used [0x00000000d6b00000,0x00000000d6b00000,0x00000000d6c80000)
  to   space 1536K, 0% used [0x00000000d6980000,0x00000000d6980000,0x00000000d6b00000)
 ParOldGen       total 68608K, used 43064K [0x0000000080000000, 0x0000000084300000, 0x00000000d5580000)
  object space 68608K, 62% used [0x0000000080000000,0x0000000082a0e1e0,0x0000000084300000)
 Metaspace       used 35575K, committed 36416K, reserved 1114112K
  class space    used 3591K, committed 3968K, reserved 1048576K
}
Event: 57.671 GC heap after
{Heap after GC invocations=65 (full 2):
 PSYoungGen      total 20992K, used 1536K [0x00000000d5580000, 0x00000000d8b80000, 0x0000000100000000)
  eden space 19456K, 0% used [0x00000000d5580000,0x00000000d5580000,0x00000000d6880000)
  from space 1536K, 100% used [0x00000000d6980000,0x00000000d6b00000,0x00000000d6b00000)
  to   space 17920K, 0% used [0x00000000d7a00000,0x00000000d7a00000,0x00000000d8b80000)
 ParOldGen       total 68608K, used 56547K [0x0000000080000000, 0x0000000084300000, 0x00000000d5580000)
  object space 68608K, 82% used [0x0000000080000000,0x0000000083738dc8,0x0000000084300000)
 Metaspace       used 35575K, committed 36416K, reserved 1114112K
  class space    used 3591K, committed 3968K, reserved 1048576K
}
Event: 57.880 GC heap before
{Heap before GC invocations=66 (full 2):
 PSYoungGen      total 20992K, used 20992K [0x00000000d5580000, 0x00000000d8b80000, 0x0000000100000000)
  eden space 19456K, 100% used [0x00000000d5580000,0x00000000d6880000,0x00000000d6880000)
  from space 1536K, 100% used [0x00000000d6980000,0x00000000d6b00000,0x00000000d6b00000)
  to   space 17920K, 0% used [0x00000000d7a00000,0x00000000d7a00000,0x00000000d8b80000)
 ParOldGen       total 68608K, used 56547K [0x0000000080000000, 0x0000000084300000, 0x00000000d5580000)
  object space 68608K, 82% used [0x0000000080000000,0x0000000083738dc8,0x0000000084300000)
 Metaspace       used 35892K, committed 36736K, reserved 1114112K
  class space    used 3652K, committed 4032K, reserved 1048576K
}
Event: 57.888 GC heap after
{Heap after GC invocations=66 (full 2):
 PSYoungGen      total 25600K, used 5821K [0x00000000d5580000, 0x00000000d8000000, 0x0000000100000000)
  eden space 19456K, 0% used [0x00000000d5580000,0x00000000d5580000,0x00000000d6880000)
  from space 6144K, 94% used [0x00000000d7a00000,0x00000000d7faf7c8,0x00000000d8000000)
  to   space 9216K, 0% used [0x00000000d6e00000,0x00000000d6e00000,0x00000000d7700000)
 ParOldGen       total 68608K, used 57235K [0x0000000080000000, 0x0000000084300000, 0x00000000d5580000)
  object space 68608K, 83% used [0x0000000080000000,0x00000000837e4dc8,0x0000000084300000)
 Metaspace       used 35892K, committed 36736K, reserved 1114112K
  class space    used 3652K, committed 4032K, reserved 1048576K
}
Event: 57.922 GC heap before
{Heap before GC invocations=67 (full 2):
 PSYoungGen      total 25600K, used 25277K [0x00000000d5580000, 0x00000000d8000000, 0x0000000100000000)
  eden space 19456K, 100% used [0x00000000d5580000,0x00000000d6880000,0x00000000d6880000)
  from space 6144K, 94% used [0x00000000d7a00000,0x00000000d7faf7c8,0x00000000d8000000)
  to   space 9216K, 0% used [0x00000000d6e00000,0x00000000d6e00000,0x00000000d7700000)
 ParOldGen       total 68608K, used 57235K [0x0000000080000000, 0x0000000084300000, 0x00000000d5580000)
  object space 68608K, 83% used [0x0000000080000000,0x00000000837e4dc8,0x0000000084300000)
 Metaspace       used 35942K, committed 36800K, reserved 1114112K
  class space    used 3658K, committed 4032K, reserved 1048576K
}
Event: 57.927 GC heap after
{Heap after GC invocations=67 (full 2):
 PSYoungGen      total 28672K, used 256K [0x00000000d5580000, 0x00000000d7a80000, 0x0000000100000000)
  eden space 19456K, 0% used [0x00000000d5580000,0x00000000d5580000,0x00000000d6880000)
  from space 9216K, 2% used [0x00000000d6e00000,0x00000000d6e40010,0x00000000d7700000)
  to   space 3072K, 0% used [0x00000000d7780000,0x00000000d7780000,0x00000000d7a80000)
 ParOldGen       total 68608K, used 62944K [0x0000000080000000, 0x0000000084300000, 0x00000000d5580000)
  object space 68608K, 91% used [0x0000000080000000,0x0000000083d78298,0x0000000084300000)
 Metaspace       used 35942K, committed 36800K, reserved 1114112K
  class space    used 3658K, committed 4032K, reserved 1048576K
}
Event: 57.961 GC heap before
{Heap before GC invocations=68 (full 2):
 PSYoungGen      total 28672K, used 19712K [0x00000000d5580000, 0x00000000d7a80000, 0x0000000100000000)
  eden space 19456K, 100% used [0x00000000d5580000,0x00000000d6880000,0x00000000d6880000)
  from space 9216K, 2% used [0x00000000d6e00000,0x00000000d6e40010,0x00000000d7700000)
  to   space 3072K, 0% used [0x00000000d7780000,0x00000000d7780000,0x00000000d7a80000)
 ParOldGen       total 68608K, used 62944K [0x0000000080000000, 0x0000000084300000, 0x00000000d5580000)
  object space 68608K, 91% used [0x0000000080000000,0x0000000083d78298,0x0000000084300000)
 Metaspace       used 35996K, committed 36800K, reserved 1114112K
  class space    used 3665K, committed 4032K, reserved 1048576K
}
Event: 57.961 GC heap after
{Heap after GC invocations=68 (full 2):
 PSYoungGen      total 19968K, used 256K [0x00000000d5580000, 0x00000000d7800000, 0x0000000100000000)
  eden space 19456K, 0% used [0x00000000d5580000,0x00000000d5580000,0x00000000d6880000)
  from space 512K, 50% used [0x00000000d7780000,0x00000000d77c0000,0x00000000d7800000)
  to   space 1024K, 0% used [0x00000000d7600000,0x00000000d7600000,0x00000000d7700000)
 ParOldGen       total 68608K, used 62992K [0x0000000080000000, 0x0000000084300000, 0x00000000d5580000)
  object space 68608K, 91% used [0x0000000080000000,0x0000000083d84298,0x0000000084300000)
 Metaspace       used 35996K, committed 36800K, reserved 1114112K
  class space    used 3665K, committed 4032K, reserved 1048576K
}
Event: 57.996 GC heap before
{Heap before GC invocations=69 (full 2):
 PSYoungGen      total 19968K, used 19712K [0x00000000d5580000, 0x00000000d7800000, 0x0000000100000000)
  eden space 19456K, 100% used [0x00000000d5580000,0x00000000d6880000,0x00000000d6880000)
  from space 512K, 50% used [0x00000000d7780000,0x00000000d77c0000,0x00000000d7800000)
  to   space 1024K, 0% used [0x00000000d7600000,0x00000000d7600000,0x00000000d7700000)
 ParOldGen       total 68608K, used 62992K [0x0000000080000000, 0x0000000084300000, 0x00000000d5580000)
  object space 68608K, 91% used [0x0000000080000000,0x0000000083d84298,0x0000000084300000)
 Metaspace       used 36029K, committed 36864K, reserved 1114112K
  class space    used 3669K, committed 4032K, reserved 1048576K
}
Event: 57.997 GC heap after
{Heap after GC invocations=69 (full 2):
 PSYoungGen      total 20480K, used 192K [0x00000000d5580000, 0x00000000d7800000, 0x0000000100000000)
  eden space 19456K, 0% used [0x00000000d5580000,0x00000000d5580000,0x00000000d6880000)
  from space 1024K, 18% used [0x00000000d7600000,0x00000000d7630000,0x00000000d7700000)
  to   space 512K, 0% used [0x00000000d7780000,0x00000000d7780000,0x00000000d7800000)
 ParOldGen       total 68608K, used 63080K [0x0000000080000000, 0x0000000084300000, 0x00000000d5580000)
  object space 68608K, 91% used [0x0000000080000000,0x0000000083d9a298,0x0000000084300000)
 Metaspace       used 36029K, committed 36864K, reserved 1114112K
  class space    used 3669K, committed 4032K, reserved 1048576K
}
Event: 58.055 GC heap before
{Heap before GC invocations=70 (full 2):
 PSYoungGen      total 20480K, used 19647K [0x00000000d5580000, 0x00000000d7800000, 0x0000000100000000)
  eden space 19456K, 99% used [0x00000000d5580000,0x00000000d687fff0,0x00000000d6880000)
  from space 1024K, 18% used [0x00000000d7600000,0x00000000d7630000,0x00000000d7700000)
  to   space 512K, 0% used [0x00000000d7780000,0x00000000d7780000,0x00000000d7800000)
 ParOldGen       total 68608K, used 63080K [0x0000000080000000, 0x0000000084300000, 0x00000000d5580000)
  object space 68608K, 91% used [0x0000000080000000,0x0000000083d9a298,0x0000000084300000)
 Metaspace       used 36226K, committed 37056K, reserved 1114112K
  class space    used 3685K, committed 4096K, reserved 1048576K
}
Event: 58.057 GC heap after
{Heap after GC invocations=70 (full 2):
 PSYoungGen      total 19968K, used 224K [0x00000000d5580000, 0x00000000d7800000, 0x0000000100000000)
  eden space 19456K, 0% used [0x00000000d5580000,0x00000000d5580000,0x00000000d6880000)
  from space 512K, 43% used [0x00000000d7780000,0x00000000d77b8000,0x00000000d7800000)
  to   space 512K, 0% used [0x00000000d7700000,0x00000000d7700000,0x00000000d7780000)
 ParOldGen       total 68608K, used 63136K [0x0000000080000000, 0x0000000084300000, 0x00000000d5580000)
  object space 68608K, 92% used [0x0000000080000000,0x0000000083da8298,0x0000000084300000)
 Metaspace       used 36226K, committed 37056K, reserved 1114112K
  class space    used 3685K, committed 4096K, reserved 1048576K
}
Event: 58.286 GC heap before
{Heap before GC invocations=71 (full 2):
 PSYoungGen      total 19968K, used 19665K [0x00000000d5580000, 0x00000000d7800000, 0x0000000100000000)
  eden space 19456K, 99% used [0x00000000d5580000,0x00000000d687c7f0,0x00000000d6880000)
  from space 512K, 43% used [0x00000000d7780000,0x00000000d77b8000,0x00000000d7800000)
  to   space 512K, 0% used [0x00000000d7700000,0x00000000d7700000,0x00000000d7780000)
 ParOldGen       total 68608K, used 63136K [0x0000000080000000, 0x0000000084300000, 0x00000000d5580000)
  object space 68608K, 92% used [0x0000000080000000,0x0000000083da8298,0x0000000084300000)
 Metaspace       used 36854K, committed 37760K, reserved 1114112K
  class space    used 3750K, committed 4224K, reserved 1048576K
}
Event: 58.287 GC heap after
{Heap after GC invocations=71 (full 2):
 PSYoungGen      total 19968K, used 288K [0x00000000d5580000, 0x00000000d7800000, 0x0000000100000000)
  eden space 19456K, 0% used [0x00000000d5580000,0x00000000d5580000,0x00000000d6880000)
  from space 512K, 56% used [0x00000000d7700000,0x00000000d7748000,0x00000000d7780000)
  to   space 512K, 0% used [0x00000000d7780000,0x00000000d7780000,0x00000000d7800000)
 ParOldGen       total 68608K, used 63208K [0x0000000080000000, 0x0000000084300000, 0x00000000d5580000)
  object space 68608K, 92% used [0x0000000080000000,0x0000000083dba298,0x0000000084300000)
 Metaspace       used 36854K, committed 37760K, reserved 1114112K
  class space    used 3750K, committed 4224K, reserved 1048576K
}
Event: 58.767 GC heap before
{Heap before GC invocations=72 (full 2):
 PSYoungGen      total 19968K, used 19744K [0x00000000d5580000, 0x00000000d7800000, 0x0000000100000000)
  eden space 19456K, 100% used [0x00000000d5580000,0x00000000d6880000,0x00000000d6880000)
  from space 512K, 56% used [0x00000000d7700000,0x00000000d7748000,0x00000000d7780000)
  to   space 512K, 0% used [0x00000000d7780000,0x00000000d7780000,0x00000000d7800000)
 ParOldGen       total 68608K, used 63208K [0x0000000080000000, 0x0000000084300000, 0x00000000d5580000)
  object space 68608K, 92% used [0x0000000080000000,0x0000000083dba298,0x0000000084300000)
 Metaspace       used 38043K, committed 39040K, reserved 1114112K
  class space    used 3844K, committed 4288K, reserved 1048576K
}
Event: 58.776 GC heap after
{Heap after GC invocations=72 (full 2):
 PSYoungGen      total 19968K, used 512K [0x00000000d5580000, 0x00000000d7c80000, 0x0000000100000000)
  eden space 19456K, 0% used [0x00000000d5580000,0x00000000d5580000,0x00000000d6880000)
  from space 512K, 100% used [0x00000000d7780000,0x00000000d7800000,0x00000000d7800000)
  to   space 10240K, 0% used [0x00000000d6880000,0x00000000d6880000,0x00000000d7280000)
 ParOldGen       total 71680K, used 71289K [0x0000000080000000, 0x0000000084600000, 0x00000000d5580000)
  object space 71680K, 99% used [0x0000000080000000,0x000000008459e650,0x0000000084600000)
 Metaspace       used 38043K, committed 39040K, reserved 1114112K
  class space    used 3844K, committed 4288K, reserved 1048576K
}
Event: 59.301 GC heap before
{Heap before GC invocations=73 (full 2):
 PSYoungGen      total 19968K, used 19968K [0x00000000d5580000, 0x00000000d7c80000, 0x0000000100000000)
  eden space 19456K, 100% used [0x00000000d5580000,0x00000000d6880000,0x00000000d6880000)
  from space 512K, 100% used [0x00000000d7780000,0x00000000d7800000,0x00000000d7800000)
  to   space 10240K, 0% used [0x00000000d6880000,0x00000000d6880000,0x00000000d7280000)
 ParOldGen       total 71680K, used 71289K [0x0000000080000000, 0x0000000084600000, 0x00000000d5580000)
  object space 71680K, 99% used [0x0000000080000000,0x000000008459e650,0x0000000084600000)
 Metaspace       used 38898K, committed 39808K, reserved 1114112K
  class space    used 3928K, committed 4352K, reserved 1048576K
}
Event: 59.312 GC heap after
{Heap after GC invocations=73 (full 2):
 PSYoungGen      total 29696K, used 10208K [0x00000000d5580000, 0x00000000d8280000, 0x0000000100000000)
  eden space 19456K, 0% used [0x00000000d5580000,0x00000000d5580000,0x00000000d6880000)
  from space 10240K, 99% used [0x00000000d6880000,0x00000000d72782c8,0x00000000d7280000)
  to   space 13312K, 0% used [0x00000000d7580000,0x00000000d7580000,0x00000000d8280000)
 ParOldGen       total 73728K, used 73281K [0x0000000080000000, 0x0000000084800000, 0x00000000d5580000)
  object space 73728K, 99% used [0x0000000080000000,0x0000000084790650,0x0000000084800000)
 Metaspace       used 38898K, committed 39808K, reserved 1114112K
  class space    used 3928K, committed 4352K, reserved 1048576K
}
Event: 59.665 GC heap before
{Heap before GC invocations=74 (full 2):
 PSYoungGen      total 29696K, used 29664K [0x00000000d5580000, 0x00000000d8280000, 0x0000000100000000)
  eden space 19456K, 100% used [0x00000000d5580000,0x00000000d6880000,0x00000000d6880000)
  from space 10240K, 99% used [0x00000000d6880000,0x00000000d72782c8,0x00000000d7280000)
  to   space 13312K, 0% used [0x00000000d7580000,0x00000000d7580000,0x00000000d8280000)
 ParOldGen       total 73728K, used 73281K [0x0000000080000000, 0x0000000084800000, 0x00000000d5580000)
  object space 73728K, 99% used [0x0000000080000000,0x0000000084790650,0x0000000084800000)
 Metaspace       used 40113K, committed 41088K, reserved 1114112K
  class space    used 4079K, committed 4544K, reserved 1048576K
}
Event: 59.687 GC heap after
{Heap after GC invocations=74 (full 2):
 PSYoungGen      total 31744K, used 11982K [0x00000000d5580000, 0x00000000d8180000, 0x0000000100000000)
  eden space 19456K, 0% used [0x00000000d5580000,0x00000000d5580000,0x00000000d6880000)
  from space 12288K, 97% used [0x00000000d7580000,0x00000000d8133a90,0x00000000d8180000)
  to   space 12288K, 0% used [0x00000000d6980000,0x00000000d6980000,0x00000000d7580000)
 ParOldGen       total 83456K, used 83449K [0x0000000080000000, 0x0000000085180000, 0x00000000d5580000)
  object space 83456K, 99% used [0x0000000080000000,0x000000008517e620,0x0000000085180000)
 Metaspace       used 40113K, committed 41088K, reserved 1114112K
  class space    used 4079K, committed 4544K, reserved 1048576K
}

