# JRE version: OpenJDK Runtime Environment Temurin-21.0.10+7 (21.0.10+7) (build 21.0.10+7-LTS)
# Java VM: OpenJDK 64-Bit Server VM Temurin-21.0.10+7 (21.0.10+7-LTS, mixed mode, sharing, tiered, compressed oops, compressed class ptrs, g1 gc, windows-amd64)
GC Precious Log:
 CardTable entry size: 512
 Card Set container configuration: InlinePtr #cards 5 size 8 Array Of Cards #cards 12 size 40 Howl #buckets 4 coarsen threshold 1843 Howl Bitmap #cards 512 size 80 coarsen threshold 460 Card regions per heap region 1 cards per card region 2048
 CPUs: 8 total, 8 available
 Memory: 5966M
 Large Page Support: Disabled
 NUMA Support: Disabled
 Compressed Oops: Enabled (32-bit)
 Heap Region Size: 1M
 Heap Min Capacity: 8M
 Heap Initial Capacity: 94M
 Heap Max Capacity: 1536M
 Pre-touch: Disabled
 Parallel Workers: 8
 Concurrent Workers: 2
 Concurrent Refinement Workers: 8
 Periodic GC: Disabled
Heap:
 garbage-first heap   total 130048K, used 103646K [0x00000000a0000000, 0x0000000100000000)
  region size 1024K, 27 young (27648K), 3 survivors (3072K)
 Metaspace       used 71077K, committed 73088K, reserved 1114112K
  class space    used 9892K, committed 10816K, reserved 1048576K
GC Heap History (20 events):
Event: 46.581 GC heap before
{Heap before GC invocations=17 (full 0):
 garbage-first heap   total 90112K, used 86196K [0x00000000a0000000, 0x0000000100000000)
  region size 1024K, 36 young (36864K), 3 survivors (3072K)
 Metaspace       used 51330K, committed 53056K, reserved 1114112K
  class space    used 7397K, committed 8256K, reserved 1048576K
}
Event: 46.589 GC heap after
{Heap after GC invocations=18 (full 0):
 garbage-first heap   total 98304K, used 59654K [0x00000000a0000000, 0x0000000100000000)
  region size 1024K, 5 young (5120K), 5 survivors (5120K)
 Metaspace       used 51330K, committed 53056K, reserved 1114112K
  class space    used 7397K, committed 8256K, reserved 1048576K
}
Event: 48.073 GC heap before
{Heap before GC invocations=18 (full 0):
 garbage-first heap   total 98304K, used 88326K [0x00000000a0000000, 0x0000000100000000)
  region size 1024K, 32 young (32768K), 5 survivors (5120K)
 Metaspace       used 53595K, committed 55360K, reserved 1114112K
  class space    used 7670K, committed 8512K, reserved 1048576K
}
Event: 48.079 GC heap after
{Heap after GC invocations=19 (full 0):
 garbage-first heap   total 98304K, used 63096K [0x00000000a0000000, 0x0000000100000000)
  region size 1024K, 3 young (3072K), 3 survivors (3072K)
 Metaspace       used 53595K, committed 55360K, reserved 1114112K
  class space    used 7670K, committed 8512K, reserved 1048576K
}
Event: 49.298 GC heap before
{Heap before GC invocations=19 (full 0):
 garbage-first heap   total 98304K, used 86648K [0x00000000a0000000, 0x0000000100000000)
  region size 1024K, 27 young (27648K), 3 survivors (3072K)
 Metaspace       used 56338K, committed 58112K, reserved 1114112K
  class space    used 7968K, committed 8832K, reserved 1048576K
}
Event: 49.303 GC heap after
{Heap after GC invocations=20 (full 0):
 garbage-first heap   total 98304K, used 63607K [0x00000000a0000000, 0x0000000100000000)
  region size 1024K, 3 young (3072K), 3 survivors (3072K)
 Metaspace       used 56338K, committed 58112K, reserved 1114112K
  class space    used 7968K, committed 8832K, reserved 1048576K
}
Event: 50.357 GC heap before
{Heap before GC invocations=21 (full 0):
 garbage-first heap   total 107520K, used 88183K [0x00000000a0000000, 0x0000000100000000)
  region size 1024K, 28 young (28672K), 3 survivors (3072K)
 Metaspace       used 59039K, committed 60864K, reserved 1114112K
  class space    used 8236K, committed 9088K, reserved 1048576K
}
Event: 50.361 GC heap after
{Heap after GC invocations=22 (full 0):
 garbage-first heap   total 107520K, used 64649K [0x00000000a0000000, 0x0000000100000000)
  region size 1024K, 2 young (2048K), 2 survivors (2048K)
 Metaspace       used 59039K, committed 60864K, reserved 1114112K
  class space    used 8236K, committed 9088K, reserved 1048576K
}
Event: 51.160 GC heap before
{Heap before GC invocations=22 (full 0):
 garbage-first heap   total 107520K, used 102537K [0x00000000a0000000, 0x0000000100000000)
  region size 1024K, 35 young (35840K), 2 survivors (2048K)
 Metaspace       used 62043K, committed 63936K, reserved 1114112K
  class space    used 8693K, committed 9600K, reserved 1048576K
}
Event: 51.169 GC heap after
{Heap after GC invocations=23 (full 0):
 garbage-first heap   total 112640K, used 74626K [0x00000000a0000000, 0x0000000100000000)
  region size 1024K, 5 young (5120K), 5 survivors (5120K)
 Metaspace       used 62043K, committed 63936K, reserved 1114112K
  class space    used 8693K, committed 9600K, reserved 1048576K
}
Event: 51.232 GC heap before
{Heap before GC invocations=23 (full 0):
 garbage-first heap   total 112640K, used 74626K [0x00000000a0000000, 0x0000000100000000)
  region size 1024K, 6 young (6144K), 5 survivors (5120K)
 Metaspace       used 62048K, committed 63936K, reserved 1114112K
  class space    used 8693K, committed 9600K, reserved 1048576K
}
Event: 51.237 GC heap after
{Heap after GC invocations=24 (full 0):
 garbage-first heap   total 112640K, used 72872K [0x00000000a0000000, 0x0000000100000000)
  region size 1024K, 1 young (1024K), 1 survivors (1024K)
 Metaspace       used 62048K, committed 63936K, reserved 1114112K
  class space    used 8693K, committed 9600K, reserved 1048576K
}
Event: 52.034 GC heap before
{Heap before GC invocations=25 (full 0):
 garbage-first heap   total 122880K, used 97448K [0x00000000a0000000, 0x0000000100000000)
  region size 1024K, 25 young (25600K), 1 survivors (1024K)
 Metaspace       used 63985K, committed 65856K, reserved 1114112K
  class space    used 8963K, committed 9856K, reserved 1048576K
}
Event: 52.037 GC heap after
{Heap after GC invocations=26 (full 0):
 garbage-first heap   total 122880K, used 73899K [0x00000000a0000000, 0x0000000100000000)
  region size 1024K, 2 young (2048K), 2 survivors (2048K)
 Metaspace       used 63985K, committed 65856K, reserved 1114112K
  class space    used 8963K, committed 9856K, reserved 1048576K
}
Event: 53.097 GC heap before
{Heap before GC invocations=26 (full 0):
 garbage-first heap   total 122880K, used 105643K [0x00000000a0000000, 0x0000000100000000)
  region size 1024K, 34 young (34816K), 2 survivors (2048K)
 Metaspace       used 66451K, committed 68352K, reserved 1114112K
  class space    used 9275K, committed 10176K, reserved 1048576K
}
Event: 53.102 GC heap after
{Heap after GC invocations=27 (full 0):
 garbage-first heap   total 122880K, used 74297K [0x00000000a0000000, 0x0000000100000000)
  region size 1024K, 4 young (4096K), 4 survivors (4096K)
 Metaspace       used 66451K, committed 68352K, reserved 1114112K
  class space    used 9275K, committed 10176K, reserved 1048576K
}
Event: 53.583 GC heap before
{Heap before GC invocations=27 (full 0):
 garbage-first heap   total 122880K, used 108089K [0x00000000a0000000, 0x0000000100000000)
  region size 1024K, 37 young (37888K), 4 survivors (4096K)
 Metaspace       used 66822K, committed 68672K, reserved 1114112K
  class space    used 9335K, committed 10240K, reserved 1048576K
}
Event: 53.589 GC heap after
{Heap after GC invocations=28 (full 0):
 garbage-first heap   total 122880K, used 77220K [0x00000000a0000000, 0x0000000100000000)
  region size 1024K, 5 young (5120K), 5 survivors (5120K)
 Metaspace       used 66822K, committed 68672K, reserved 1114112K
  class space    used 9335K, committed 10240K, reserved 1048576K
}
Event: 54.987 GC heap before
{Heap before GC invocations=29 (full 0):
 garbage-first heap   total 130048K, used 108964K [0x00000000a0000000, 0x0000000100000000)
  region size 1024K, 37 young (37888K), 5 survivors (5120K)
 Metaspace       used 69084K, committed 71040K, reserved 1114112K
  class space    used 9612K, committed 10560K, reserved 1048576K
}
Event: 54.994 GC heap after
{Heap after GC invocations=30 (full 0):
 garbage-first heap   total 130048K, used 80094K [0x00000000a0000000, 0x0000000100000000)
  region size 1024K, 3 young (3072K), 3 survivors (3072K)
 Metaspace       used 69084K, committed 71040K, reserved 1114112K
  class space    used 9612K, committed 10560K, reserved 1048576K
}

